#
# There is insufficient memory for the Java Runtime Environment to continue.
# Native memory allocation (malloc) failed to allocate 1716336 bytes for Chunk::new
# Possible reasons:
#   The system is out of physical RAM or swap space
#   The process is running with CompressedOops enabled, and the Java Heap may be blocking the growth of the native heap
# Possible solutions:
#   Reduce memory load on the system
#   Increase physical memory or swap space
#   Check if swap backing store is full
#   Decrease Java heap size (-Xmx/-Xms)
#   Decrease number of Java threads
#   Decrease Java thread stack sizes (-Xss)
#   Set larger code cache with -XX:ReservedCodeCacheSize=
#   JVM is running with Unscaled Compressed Oops mode in which the Java heap is
#     placed in the first 4GB address space. The Java Heap base address is the
#     maximum limit for the native heap growth. Please use -XX:HeapBaseMinAddress
#     to set the Java Heap base and to place the Java Heap above 4GB virtual address.
# This output file may be truncated or incomplete.
#
#  Out of Memory Error (arena.cpp:168), pid=16592, tid=12980
#
# JRE version: Java(TM) SE Runtime Environment (21.0.1+12) (build 21.0.1+12-LTS-29)
# Java VM: Java HotSpot(TM) 64-Bit Server VM (21.0.1+12-LTS-29, mixed mode, sharing, tiered, compressed oops, compressed class ptrs, g1 gc, windows-amd64)
# No core dump will be written. Minidumps are not enabled by default on client versions of Windows
#

---------------  S U M M A R Y ------------

Command Line: -javaagent:C:\Program Files\JetBrains\IntelliJ IDEA Community Edition 2023.3.2\lib\idea_rt.jar=51960:C:\Program Files\JetBrains\IntelliJ IDEA Community Edition 2023.3.2\bin -Dfile.encoding=UTF-8 -Dsun.stdout.encoding=UTF-8 -Dsun.stderr.encoding=UTF-8 --module-path=C:\Users\ADMIN\.m2\repository\org\openjfx\javafx-graphics\21\javafx-graphics-21-win.jar;C:\Users\ADMIN\.m2\repository\org\openjfx\javafx-base\21\javafx-base-21-win.jar;C:\Users\ADMIN\.m2\repository\org\openjfx\javafx-controls\21\javafx-controls-21-win.jar;C:\Users\ADMIN\.m2\repository\org\openjfx\javafx-fxml\21\javafx-fxml-21-win.jar;C:\Users\ADMIN\OneDrive\Desktop\IdeaProjects\JepsChemistPOS\target\classes -Djdk.module.main=com.dunwam.jepschemistpos com.dunwam.jepschemistpos/com.dunwam.jepschemistpos.Main

Host: Intel(R) Core(TM) i5-6300U CPU @ 2.40GHz, 4 cores, 7G,  Windows 10 , 64 bit Build 19041 (10.0.19041.3636)
Time: Thu May 23 17:32:35 2024 E. Africa Standard Time elapsed time: 4.373113 seconds (0d 0h 0m 4s)

---------------  T H R E A D  ---------------

Current thread (0x0000027e76b74300):  JavaThread "C2 CompilerThread0" daemon [_thread_in_native, id=12980, stack(0x00000090f0900000,0x00000090f0a00000) (1024K)]


Current CompileTask:
C2:   4373 1337   !   4       com.sun.javafx.css.ParsedValueImpl::readBinary (691 bytes)

Stack: [0x00000090f0900000,0x00000090f0a00000]
Native frames: (J=compiled Java code, j=interpreted, Vv=VM code, C=native code)
V  [jvm.dll+0x6c9029]
V  [jvm.dll+0x854b81]
V  [jvm.dll+0x856e5e]
V  [jvm.dll+0x857543]
V  [jvm.dll+0x280c06]
V  [jvm.dll+0xc3ead]
V  [jvm.dll+0xc43c3]
V  [jvm.dll+0x3b5732]
V  [jvm.dll+0x382475]
V  [jvm.dll+0x3818ea]
V  [jvm.dll+0x249ad0]
V  [jvm.dll+0x2490b1]
V  [jvm.dll+0x1c9ca1]
V  [jvm.dll+0x2586b9]
V  [jvm.dll+0x256c9a]
V  [jvm.dll+0x3ef1b6]
V  [jvm.dll+0x7fd728]
V  [jvm.dll+0x6c777d]
C  [ucrtbase.dll+0x21bb2]
C  [KERNEL32.DLL+0x17344]
C  [ntdll.dll+0x526b1]


---------------  P R O C E S S  ---------------

Threads class SMR info:
_java_thread_list=0x0000027e7cc02bd0, length=17, elements={
0x0000027e588ff040, 0x0000027e76b6c8b0, 0x0000027e76b6d7d0, 0x0000027e76b6f440,
0x0000027e76b700a0, 0x0000027e76b72b10, 0x0000027e76b73570, 0x0000027e76b74300,
0x0000027e76b81740, 0x0000027e7b09ecf0, 0x0000027e7bbfe4e0, 0x0000027e7b9d47e0,
0x0000027e7c15c350, 0x0000027e7bcf61c0, 0x0000027e7c9b13d0, 0x0000027e7c7f2d60,
0x0000027e7bcce3b0
}

Java Threads: ( => current thread )
  0x0000027e588ff040 JavaThread "main"                              [_thread_blocked, id=7392, stack(0x00000090efb00000,0x00000090efc00000) (1024K)]
  0x0000027e76b6c8b0 JavaThread "Reference Handler"          daemon [_thread_blocked, id=16120, stack(0x00000090f0300000,0x00000090f0400000) (1024K)]
  0x0000027e76b6d7d0 JavaThread "Finalizer"                  daemon [_thread_blocked, id=6588, stack(0x00000090f0400000,0x00000090f0500000) (1024K)]
  0x0000027e76b6f440 JavaThread "Signal Dispatcher"          daemon [_thread_blocked, id=6668, stack(0x00000090f0500000,0x00000090f0600000) (1024K)]
  0x0000027e76b700a0 JavaThread "Attach Listener"            daemon [_thread_blocked, id=8260, stack(0x00000090f0600000,0x00000090f0700000) (1024K)]
  0x0000027e76b72b10 JavaThread "Service Thread"             daemon [_thread_blocked, id=15632, stack(0x00000090f0700000,0x00000090f0800000) (1024K)]
  0x0000027e76b73570 JavaThread "Monitor Deflation Thread"   daemon [_thread_blocked, id=2772, stack(0x00000090f0800000,0x00000090f0900000) (1024K)]
=>0x0000027e76b74300 JavaThread "C2 CompilerThread0"         daemon [_thread_in_native, id=12980, stack(0x00000090f0900000,0x00000090f0a00000) (1024K)]
  0x0000027e76b81740 JavaThread "C1 CompilerThread0"         daemon [_thread_blocked, id=3000, stack(0x00000090f0a00000,0x00000090f0b00000) (1024K)]
  0x0000027e7b09ecf0 JavaThread "Common-Cleaner"             daemon [_thread_blocked, id=7864, stack(0x00000090f0b00000,0x00000090f0c00000) (1024K)]
  0x0000027e7bbfe4e0 JavaThread "Monitor Ctrl-Break"         daemon [_thread_in_native, id=11620, stack(0x00000090f0d00000,0x00000090f0e00000) (1024K)]
  0x0000027e7b9d47e0 JavaThread "Notification Thread"        daemon [_thread_blocked, id=8204, stack(0x00000090f0e00000,0x00000090f0f00000) (1024K)]
  0x0000027e7c15c350 JavaThread "QuantumRenderer-0"          daemon [_thread_blocked, id=17036, stack(0x00000090f1100000,0x00000090f1200000) (1024K)]
  0x0000027e7bcf61c0 JavaThread "InvokeLaterDispatcher"      daemon [_thread_blocked, id=12196, stack(0x00000090f1200000,0x00000090f1300000) (1024K)]
  0x0000027e7c9b13d0 JavaThread "JavaFX Application Thread"         [_thread_in_vm, id=6916, stack(0x00000090f1300000,0x00000090f1400000) (1024K)]
  0x0000027e7c7f2d60 JavaThread "Thread-1"                   daemon [_thread_in_native, id=5584, stack(0x00000090f1400000,0x00000090f1500000) (1024K)]
  0x0000027e7bcce3b0 JavaThread "JavaFX-Launcher"                   [_thread_blocked, id=7360, stack(0x00000090f1500000,0x00000090f1600000) (1024K)]
Total: 17

Other Threads:
  0x0000027e76b49e10 VMThread "VM Thread"                           [id=5672, stack(0x00000090f0200000,0x00000090f0300000) (1024K)]
  0x0000027e76b33900 WatcherThread "VM Periodic Task Thread"        [id=10272, stack(0x00000090f0100000,0x00000090f0200000) (1024K)]
  0x0000027e5ab0e220 WorkerThread "GC Thread#0"                     [id=9060, stack(0x00000090efc00000,0x00000090efd00000) (1024K)]
  0x0000027e7b698890 WorkerThread "GC Thread#1"                     [id=6924, stack(0x00000090f0c00000,0x00000090f0d00000) (1024K)]
  0x0000027e7c4d2980 WorkerThread "GC Thread#2"                     [id=12652, stack(0x00000090f0f00000,0x00000090f1000000) (1024K)]
  0x0000027e7c4d2d20 WorkerThread "GC Thread#3"                     [id=15528, stack(0x00000090f1000000,0x00000090f1100000) (1024K)]
  0x0000027e5ab1eec0 ConcurrentGCThread "G1 Main Marker"            [id=12832, stack(0x00000090efd00000,0x00000090efe00000) (1024K)]
  0x0000027e5ab1f9c0 WorkerThread "G1 Conc#0"                       [id=14780, stack(0x00000090efe00000,0x00000090eff00000) (1024K)]
  0x0000027e5ab8e4b0 ConcurrentGCThread "G1 Refine#0"               [id=2276, stack(0x00000090eff00000,0x00000090f0000000) (1024K)]
  0x0000027e769f4210 ConcurrentGCThread "G1 Service"                [id=9280, stack(0x00000090f0000000,0x00000090f0100000) (1024K)]
Total: 10

Threads with active compile tasks:
C2 CompilerThread0     4489 1337   !   4       com.sun.javafx.css.ParsedValueImpl::readBinary (691 bytes)
Total: 1

VM state: not at safepoint (normal execution)

VM Mutex/Monitor currently owned by a thread: None

Heap address: 0x0000000081e00000, size: 2018 MB, Compressed Oops mode: 32-bit

CDS archive(s) mapped at: [0x0000027e00000000-0x0000027e00c90000-0x0000027e00c90000), size 13172736, SharedBaseAddress: 0x0000027e00000000, ArchiveRelocationMode: 1.
Compressed class space mapped at: 0x0000027e01000000-0x0000027e41000000, reserved size: 1073741824
Narrow klass base: 0x0000027e00000000, Narrow klass shift: 0, Narrow klass range: 0x100000000

GC Precious Log:
 CardTable entry size: 512
 Card Set container configuration: InlinePtr #cards 5 size 8 Array Of Cards #cards 12 size 40 Howl #buckets 4 coarsen threshold 1843 Howl Bitmap #cards 512 size 80 coarsen threshold 460 Card regions per heap region 1 cards per card region 2048
 CPUs: 4 total, 4 available
 Memory: 8071M
 Large Page Support: Disabled
 NUMA Support: Disabled
 Compressed Oops: Enabled (32-bit)
 Heap Region Size: 1M
 Heap Min Capacity: 8M
 Heap Initial Capacity: 128M
 Heap Max Capacity: 2018M
 Pre-touch: Disabled
 Parallel Workers: 4
 Concurrent Workers: 1
 Concurrent Refinement Workers: 4
 Periodic GC: Disabled

Heap:
 garbage-first heap   total 131072K, used 13982K [0x0000000081e00000, 0x0000000100000000)
  region size 1024K, 12 young (12288K), 1 survivors (1024K)
 Metaspace       used 9726K, committed 10048K, reserved 1114112K
  class space    used 1289K, committed 1408K, reserved 1048576K

Heap Regions: E=young(eden), S=young(survivor), O=old, HS=humongous(starts), HC=humongous(continues), CS=collection set, F=free, TAMS=top-at-mark-start, PB=parsable bottom
|   0|0x0000000081e00000, 0x0000000081f00000, 0x0000000081f00000|100%| O|  |TAMS 0x0000000081e00000| PB 0x0000000081e00000| Untracked 
|   1|0x0000000081f00000, 0x0000000082000000, 0x0000000082000000|100%| O|  |TAMS 0x0000000081f00000| PB 0x0000000081f00000| Untracked 
|   2|0x0000000082000000, 0x00000000820b8790, 0x0000000082100000| 72%| O|  |TAMS 0x0000000082000000| PB 0x0000000082000000| Untracked 
|   3|0x0000000082100000, 0x0000000082200000, 0x0000000082200000|100%|HS|  |TAMS 0x0000000082100000| PB 0x0000000082100000| Complete 
|   4|0x0000000082200000, 0x0000000082200000, 0x0000000082300000|  0%| F|  |TAMS 0x0000000082200000| PB 0x0000000082200000| Untracked 
|   5|0x0000000082300000, 0x0000000082300000, 0x0000000082400000|  0%| F|  |TAMS 0x0000000082300000| PB 0x0000000082300000| Untracked 
|   6|0x0000000082400000, 0x0000000082400000, 0x0000000082500000|  0%| F|  |TAMS 0x0000000082400000| PB 0x0000000082400000| Untracked 
|   7|0x0000000082500000, 0x0000000082500000, 0x0000000082600000|  0%| F|  |TAMS 0x0000000082500000| PB 0x0000000082500000| Untracked 
|   8|0x0000000082600000, 0x0000000082600000, 0x0000000082700000|  0%| F|  |TAMS 0x0000000082600000| PB 0x0000000082600000| Untracked 
|   9|0x0000000082700000, 0x0000000082700000, 0x0000000082800000|  0%| F|  |TAMS 0x0000000082700000| PB 0x0000000082700000| Untracked 
|  10|0x0000000082800000, 0x0000000082800000, 0x0000000082900000|  0%| F|  |TAMS 0x0000000082800000| PB 0x0000000082800000| Untracked 
|  11|0x0000000082900000, 0x0000000082900000, 0x0000000082a00000|  0%| F|  |TAMS 0x0000000082900000| PB 0x0000000082900000| Untracked 
|  12|0x0000000082a00000, 0x0000000082a00000, 0x0000000082b00000|  0%| F|  |TAMS 0x0000000082a00000| PB 0x0000000082a00000| Untracked 
|  13|0x0000000082b00000, 0x0000000082b00000, 0x0000000082c00000|  0%| F|  |TAMS 0x0000000082b00000| PB 0x0000000082b00000| Untracked 
|  14|0x0000000082c00000, 0x0000000082c00000, 0x0000000082d00000|  0%| F|  |TAMS 0x0000000082c00000| PB 0x0000000082c00000| Untracked 
|  15|0x0000000082d00000, 0x0000000082d00000, 0x0000000082e00000|  0%| F|  |TAMS 0x0000000082d00000| PB 0x0000000082d00000| Untracked 
|  16|0x0000000082e00000, 0x0000000082e00000, 0x0000000082f00000|  0%| F|  |TAMS 0x0000000082e00000| PB 0x0000000082e00000| Untracked 
|  17|0x0000000082f00000, 0x0000000082f00000, 0x0000000083000000|  0%| F|  |TAMS 0x0000000082f00000| PB 0x0000000082f00000| Untracked 
|  18|0x0000000083000000, 0x0000000083000000, 0x0000000083100000|  0%| F|  |TAMS 0x0000000083000000| PB 0x0000000083000000| Untracked 
|  19|0x0000000083100000, 0x0000000083100000, 0x0000000083200000|  0%| F|  |TAMS 0x0000000083100000| PB 0x0000000083100000| Untracked 
|  20|0x0000000083200000, 0x0000000083200000, 0x0000000083300000|  0%| F|  |TAMS 0x0000000083200000| PB 0x0000000083200000| Untracked 
|  21|0x0000000083300000, 0x0000000083300000, 0x0000000083400000|  0%| F|  |TAMS 0x0000000083300000| PB 0x0000000083300000| Untracked 
|  22|0x0000000083400000, 0x0000000083400000, 0x0000000083500000|  0%| F|  |TAMS 0x0000000083400000| PB 0x0000000083400000| Untracked 
|  23|0x0000000083500000, 0x0000000083500000, 0x0000000083600000|  0%| F|  |TAMS 0x0000000083500000| PB 0x0000000083500000| Untracked 
|  24|0x0000000083600000, 0x0000000083600000, 0x0000000083700000|  0%| F|  |TAMS 0x0000000083600000| PB 0x0000000083600000| Untracked 
|  25|0x0000000083700000, 0x0000000083700000, 0x0000000083800000|  0%| F|  |TAMS 0x0000000083700000| PB 0x0000000083700000| Untracked 
|  26|0x0000000083800000, 0x0000000083800000, 0x0000000083900000|  0%| F|  |TAMS 0x0000000083800000| PB 0x0000000083800000| Untracked 
|  27|0x0000000083900000, 0x0000000083900000, 0x0000000083a00000|  0%| F|  |TAMS 0x0000000083900000| PB 0x0000000083900000| Untracked 
|  28|0x0000000083a00000, 0x0000000083a00000, 0x0000000083b00000|  0%| F|  |TAMS 0x0000000083a00000| PB 0x0000000083a00000| Untracked 
|  29|0x0000000083b00000, 0x0000000083b00000, 0x0000000083c00000|  0%| F|  |TAMS 0x0000000083b00000| PB 0x0000000083b00000| Untracked 
|  30|0x0000000083c00000, 0x0000000083c00000, 0x0000000083d00000|  0%| F|  |TAMS 0x0000000083c00000| PB 0x0000000083c00000| Untracked 
|  31|0x0000000083d00000, 0x0000000083d00000, 0x0000000083e00000|  0%| F|  |TAMS 0x0000000083d00000| PB 0x0000000083d00000| Untracked 
|  32|0x0000000083e00000, 0x0000000083e00000, 0x0000000083f00000|  0%| F|  |TAMS 0x0000000083e00000| PB 0x0000000083e00000| Untracked 
|  33|0x0000000083f00000, 0x0000000083f00000, 0x0000000084000000|  0%| F|  |TAMS 0x0000000083f00000| PB 0x0000000083f00000| Untracked 
|  34|0x0000000084000000, 0x0000000084000000, 0x0000000084100000|  0%| F|  |TAMS 0x0000000084000000| PB 0x0000000084000000| Untracked 
|  35|0x0000000084100000, 0x0000000084100000, 0x0000000084200000|  0%| F|  |TAMS 0x0000000084100000| PB 0x0000000084100000| Untracked 
|  36|0x0000000084200000, 0x0000000084200000, 0x0000000084300000|  0%| F|  |TAMS 0x0000000084200000| PB 0x0000000084200000| Untracked 
|  37|0x0000000084300000, 0x0000000084300000, 0x0000000084400000|  0%| F|  |TAMS 0x0000000084300000| PB 0x0000000084300000| Untracked 
|  38|0x0000000084400000, 0x0000000084400000, 0x0000000084500000|  0%| F|  |TAMS 0x0000000084400000| PB 0x0000000084400000| Untracked 
|  39|0x0000000084500000, 0x0000000084500000, 0x0000000084600000|  0%| F|  |TAMS 0x0000000084500000| PB 0x0000000084500000| Untracked 
|  40|0x0000000084600000, 0x0000000084600000, 0x0000000084700000|  0%| F|  |TAMS 0x0000000084600000| PB 0x0000000084600000| Untracked 
|  41|0x0000000084700000, 0x0000000084700000, 0x0000000084800000|  0%| F|  |TAMS 0x0000000084700000| PB 0x0000000084700000| Untracked 
|  42|0x0000000084800000, 0x0000000084800000, 0x0000000084900000|  0%| F|  |TAMS 0x0000000084800000| PB 0x0000000084800000| Untracked 
|  43|0x0000000084900000, 0x0000000084900000, 0x0000000084a00000|  0%| F|  |TAMS 0x0000000084900000| PB 0x0000000084900000| Untracked 
|  44|0x0000000084a00000, 0x0000000084a00000, 0x0000000084b00000|  0%| F|  |TAMS 0x0000000084a00000| PB 0x0000000084a00000| Untracked 
|  45|0x0000000084b00000, 0x0000000084b00000, 0x0000000084c00000|  0%| F|  |TAMS 0x0000000084b00000| PB 0x0000000084b00000| Untracked 
|  46|0x0000000084c00000, 0x0000000084c00000, 0x0000000084d00000|  0%| F|  |TAMS 0x0000000084c00000| PB 0x0000000084c00000| Untracked 
|  47|0x0000000084d00000, 0x0000000084d00000, 0x0000000084e00000|  0%| F|  |TAMS 0x0000000084d00000| PB 0x0000000084d00000| Untracked 
|  48|0x0000000084e00000, 0x0000000084e00000, 0x0000000084f00000|  0%| F|  |TAMS 0x0000000084e00000| PB 0x0000000084e00000| Untracked 
|  49|0x0000000084f00000, 0x0000000084f00000, 0x0000000085000000|  0%| F|  |TAMS 0x0000000084f00000| PB 0x0000000084f00000| Untracked 
|  50|0x0000000085000000, 0x0000000085000000, 0x0000000085100000|  0%| F|  |TAMS 0x0000000085000000| PB 0x0000000085000000| Untracked 
|  51|0x0000000085100000, 0x0000000085100000, 0x0000000085200000|  0%| F|  |TAMS 0x0000000085100000| PB 0x0000000085100000| Untracked 
|  52|0x0000000085200000, 0x0000000085200000, 0x0000000085300000|  0%| F|  |TAMS 0x0000000085200000| PB 0x0000000085200000| Untracked 
|  53|0x0000000085300000, 0x0000000085300000, 0x0000000085400000|  0%| F|  |TAMS 0x0000000085300000| PB 0x0000000085300000| Untracked 
|  54|0x0000000085400000, 0x0000000085400000, 0x0000000085500000|  0%| F|  |TAMS 0x0000000085400000| PB 0x0000000085400000| Untracked 
|  55|0x0000000085500000, 0x0000000085500000, 0x0000000085600000|  0%| F|  |TAMS 0x0000000085500000| PB 0x0000000085500000| Untracked 
|  56|0x0000000085600000, 0x0000000085600000, 0x0000000085700000|  0%| F|  |TAMS 0x0000000085600000| PB 0x0000000085600000| Untracked 
|  57|0x0000000085700000, 0x0000000085700000, 0x0000000085800000|  0%| F|  |TAMS 0x0000000085700000| PB 0x0000000085700000| Untracked 
|  58|0x0000000085800000, 0x0000000085800000, 0x0000000085900000|  0%| F|  |TAMS 0x0000000085800000| PB 0x0000000085800000| Untracked 
|  59|0x0000000085900000, 0x0000000085900000, 0x0000000085a00000|  0%| F|  |TAMS 0x0000000085900000| PB 0x0000000085900000| Untracked 
|  60|0x0000000085a00000, 0x0000000085a00000, 0x0000000085b00000|  0%| F|  |TAMS 0x0000000085a00000| PB 0x0000000085a00000| Untracked 
|  61|0x0000000085b00000, 0x0000000085b00000, 0x0000000085c00000|  0%| F|  |TAMS 0x0000000085b00000| PB 0x0000000085b00000| Untracked 
|  62|0x0000000085c00000, 0x0000000085c00000, 0x0000000085d00000|  0%| F|  |TAMS 0x0000000085c00000| PB 0x0000000085c00000| Untracked 
|  63|0x0000000085d00000, 0x0000000085d00000, 0x0000000085e00000|  0%| F|  |TAMS 0x0000000085d00000| PB 0x0000000085d00000| Untracked 
|  64|0x0000000085e00000, 0x0000000085e00000, 0x0000000085f00000|  0%| F|  |TAMS 0x0000000085e00000| PB 0x0000000085e00000| Untracked 
|  65|0x0000000085f00000, 0x0000000085f00000, 0x0000000086000000|  0%| F|  |TAMS 0x0000000085f00000| PB 0x0000000085f00000| Untracked 
|  66|0x0000000086000000, 0x0000000086000000, 0x0000000086100000|  0%| F|  |TAMS 0x0000000086000000| PB 0x0000000086000000| Untracked 
|  67|0x0000000086100000, 0x0000000086100000, 0x0000000086200000|  0%| F|  |TAMS 0x0000000086100000| PB 0x0000000086100000| Untracked 
|  68|0x0000000086200000, 0x0000000086200000, 0x0000000086300000|  0%| F|  |TAMS 0x0000000086200000| PB 0x0000000086200000| Untracked 
|  69|0x0000000086300000, 0x0000000086300000, 0x0000000086400000|  0%| F|  |TAMS 0x0000000086300000| PB 0x0000000086300000| Untracked 
|  70|0x0000000086400000, 0x0000000086400000, 0x0000000086500000|  0%| F|  |TAMS 0x0000000086400000| PB 0x0000000086400000| Untracked 
|  71|0x0000000086500000, 0x0000000086500000, 0x0000000086600000|  0%| F|  |TAMS 0x0000000086500000| PB 0x0000000086500000| Untracked 
|  72|0x0000000086600000, 0x0000000086600000, 0x0000000086700000|  0%| F|  |TAMS 0x0000000086600000| PB 0x0000000086600000| Untracked 
|  73|0x0000000086700000, 0x0000000086700000, 0x0000000086800000|  0%| F|  |TAMS 0x0000000086700000| PB 0x0000000086700000| Untracked 
|  74|0x0000000086800000, 0x0000000086800000, 0x0000000086900000|  0%| F|  |TAMS 0x0000000086800000| PB 0x0000000086800000| Untracked 
|  75|0x0000000086900000, 0x0000000086900000, 0x0000000086a00000|  0%| F|  |TAMS 0x0000000086900000| PB 0x0000000086900000| Untracked 
|  76|0x0000000086a00000, 0x0000000086a00000, 0x0000000086b00000|  0%| F|  |TAMS 0x0000000086a00000| PB 0x0000000086a00000| Untracked 
|  77|0x0000000086b00000, 0x0000000086b00000, 0x0000000086c00000|  0%| F|  |TAMS 0x0000000086b00000| PB 0x0000000086b00000| Untracked 
|  78|0x0000000086c00000, 0x0000000086c00000, 0x0000000086d00000|  0%| F|  |TAMS 0x0000000086c00000| PB 0x0000000086c00000| Untracked 
|  79|0x0000000086d00000, 0x0000000086d00000, 0x0000000086e00000|  0%| F|  |TAMS 0x0000000086d00000| PB 0x0000000086d00000| Untracked 
|  80|0x0000000086e00000, 0x0000000086e00000, 0x0000000086f00000|  0%| F|  |TAMS 0x0000000086e00000| PB 0x0000000086e00000| Untracked 
|  81|0x0000000086f00000, 0x0000000086f00000, 0x0000000087000000|  0%| F|  |TAMS 0x0000000086f00000| PB 0x0000000086f00000| Untracked 
|  82|0x0000000087000000, 0x0000000087000000, 0x0000000087100000|  0%| F|  |TAMS 0x0000000087000000| PB 0x0000000087000000| Untracked 
|  83|0x0000000087100000, 0x0000000087100000, 0x0000000087200000|  0%| F|  |TAMS 0x0000000087100000| PB 0x0000000087100000| Untracked 
|  84|0x0000000087200000, 0x0000000087200000, 0x0000000087300000|  0%| F|  |TAMS 0x0000000087200000| PB 0x0000000087200000| Untracked 
|  85|0x0000000087300000, 0x0000000087300000, 0x0000000087400000|  0%| F|  |TAMS 0x0000000087300000| PB 0x0000000087300000| Untracked 
|  86|0x0000000087400000, 0x0000000087400000, 0x0000000087500000|  0%| F|  |TAMS 0x0000000087400000| PB 0x0000000087400000| Untracked 
|  87|0x0000000087500000, 0x0000000087500000, 0x0000000087600000|  0%| F|  |TAMS 0x0000000087500000| PB 0x0000000087500000| Untracked 
|  88|0x0000000087600000, 0x0000000087600000, 0x0000000087700000|  0%| F|  |TAMS 0x0000000087600000| PB 0x0000000087600000| Untracked 
|  89|0x0000000087700000, 0x0000000087700000, 0x0000000087800000|  0%| F|  |TAMS 0x0000000087700000| PB 0x0000000087700000| Untracked 
|  90|0x0000000087800000, 0x0000000087800000, 0x0000000087900000|  0%| F|  |TAMS 0x0000000087800000| PB 0x0000000087800000| Untracked 
|  91|0x0000000087900000, 0x0000000087900000, 0x0000000087a00000|  0%| F|  |TAMS 0x0000000087900000| PB 0x0000000087900000| Untracked 
|  92|0x0000000087a00000, 0x0000000087a00000, 0x0000000087b00000|  0%| F|  |TAMS 0x0000000087a00000| PB 0x0000000087a00000| Untracked 
|  93|0x0000000087b00000, 0x0000000087b00000, 0x0000000087c00000|  0%| F|  |TAMS 0x0000000087b00000| PB 0x0000000087b00000| Untracked 
|  94|0x0000000087c00000, 0x0000000087c00000, 0x0000000087d00000|  0%| F|  |TAMS 0x0000000087c00000| PB 0x0000000087c00000| Untracked 
|  95|0x0000000087d00000, 0x0000000087d00000, 0x0000000087e00000|  0%| F|  |TAMS 0x0000000087d00000| PB 0x0000000087d00000| Untracked 
|  96|0x0000000087e00000, 0x0000000087e00000, 0x0000000087f00000|  0%| F|  |TAMS 0x0000000087e00000| PB 0x0000000087e00000| Untracked 
|  97|0x0000000087f00000, 0x0000000087f00000, 0x0000000088000000|  0%| F|  |TAMS 0x0000000087f00000| PB 0x0000000087f00000| Untracked 
|  98|0x0000000088000000, 0x0000000088000000, 0x0000000088100000|  0%| F|  |TAMS 0x0000000088000000| PB 0x0000000088000000| Untracked 
|  99|0x0000000088100000, 0x0000000088100000, 0x0000000088200000|  0%| F|  |TAMS 0x0000000088100000| PB 0x0000000088100000| Untracked 
| 100|0x0000000088200000, 0x0000000088200000, 0x0000000088300000|  0%| F|  |TAMS 0x0000000088200000| PB 0x0000000088200000| Untracked 
| 101|0x0000000088300000, 0x0000000088300000, 0x0000000088400000|  0%| F|  |TAMS 0x0000000088300000| PB 0x0000000088300000| Untracked 
| 102|0x0000000088400000, 0x0000000088400000, 0x0000000088500000|  0%| F|  |TAMS 0x0000000088400000| PB 0x0000000088400000| Untracked 
| 103|0x0000000088500000, 0x0000000088500000, 0x0000000088600000|  0%| F|  |TAMS 0x0000000088500000| PB 0x0000000088500000| Untracked 
| 104|0x0000000088600000, 0x0000000088600000, 0x0000000088700000|  0%| F|  |TAMS 0x0000000088600000| PB 0x0000000088600000| Untracked 
| 105|0x0000000088700000, 0x0000000088700000, 0x0000000088800000|  0%| F|  |TAMS 0x0000000088700000| PB 0x0000000088700000| Untracked 
| 106|0x0000000088800000, 0x0000000088800000, 0x0000000088900000|  0%| F|  |TAMS 0x0000000088800000| PB 0x0000000088800000| Untracked 
| 107|0x0000000088900000, 0x00000000889ef1d0, 0x0000000088a00000| 93%| S|CS|TAMS 0x0000000088900000| PB 0x0000000088900000| Complete 
| 108|0x0000000088a00000, 0x0000000088a00000, 0x0000000088b00000|  0%| F|  |TAMS 0x0000000088a00000| PB 0x0000000088a00000| Untracked 
| 109|0x0000000088b00000, 0x0000000088b00000, 0x0000000088c00000|  0%| F|  |TAMS 0x0000000088b00000| PB 0x0000000088b00000| Untracked 
| 110|0x0000000088c00000, 0x0000000088c00000, 0x0000000088d00000|  0%| F|  |TAMS 0x0000000088c00000| PB 0x0000000088c00000| Untracked 
| 111|0x0000000088d00000, 0x0000000088d00000, 0x0000000088e00000|  0%| F|  |TAMS 0x0000000088d00000| PB 0x0000000088d00000| Untracked 
| 112|0x0000000088e00000, 0x0000000088e00000, 0x0000000088f00000|  0%| F|  |TAMS 0x0000000088e00000| PB 0x0000000088e00000| Untracked 
| 113|0x0000000088f00000, 0x0000000088f00000, 0x0000000089000000|  0%| F|  |TAMS 0x0000000088f00000| PB 0x0000000088f00000| Untracked 
| 114|0x0000000089000000, 0x0000000089000000, 0x0000000089100000|  0%| F|  |TAMS 0x0000000089000000| PB 0x0000000089000000| Untracked 
| 115|0x0000000089100000, 0x0000000089100000, 0x0000000089200000|  0%| F|  |TAMS 0x0000000089100000| PB 0x0000000089100000| Untracked 
| 116|0x0000000089200000, 0x0000000089200000, 0x0000000089300000|  0%| F|  |TAMS 0x0000000089200000| PB 0x0000000089200000| Untracked 
| 117|0x0000000089300000, 0x000000008936f6e0, 0x0000000089400000| 43%| E|  |TAMS 0x0000000089300000| PB 0x0000000089300000| Complete 
| 118|0x0000000089400000, 0x0000000089500000, 0x0000000089500000|100%| E|CS|TAMS 0x0000000089400000| PB 0x0000000089400000| Complete 
| 119|0x0000000089500000, 0x0000000089600000, 0x0000000089600000|100%| E|CS|TAMS 0x0000000089500000| PB 0x0000000089500000| Complete 
| 120|0x0000000089600000, 0x0000000089700000, 0x0000000089700000|100%| E|CS|TAMS 0x0000000089600000| PB 0x0000000089600000| Complete 
| 121|0x0000000089700000, 0x0000000089800000, 0x0000000089800000|100%| E|CS|TAMS 0x0000000089700000| PB 0x0000000089700000| Complete 
| 122|0x0000000089800000, 0x0000000089900000, 0x0000000089900000|100%| E|CS|TAMS 0x0000000089800000| PB 0x0000000089800000| Complete 
| 123|0x0000000089900000, 0x0000000089a00000, 0x0000000089a00000|100%| E|CS|TAMS 0x0000000089900000| PB 0x0000000089900000| Complete 
| 124|0x0000000089a00000, 0x0000000089b00000, 0x0000000089b00000|100%| E|  |TAMS 0x0000000089a00000| PB 0x0000000089a00000| Complete 
| 125|0x0000000089b00000, 0x0000000089c00000, 0x0000000089c00000|100%| E|CS|TAMS 0x0000000089b00000| PB 0x0000000089b00000| Complete 
| 126|0x0000000089c00000, 0x0000000089d00000, 0x0000000089d00000|100%| E|CS|TAMS 0x0000000089c00000| PB 0x0000000089c00000| Complete 
| 127|0x0000000089d00000, 0x0000000089e00000, 0x0000000089e00000|100%| E|CS|TAMS 0x0000000089d00000| PB 0x0000000089d00000| Complete 

Card table byte_map: [0x0000027e72320000,0x0000027e72720000] _byte_map_base: 0x0000027e71f11000

Marking Bits: (CMBitMap*) 0x0000027e5ab0e920
 Bits: [0x0000027e72720000, 0x0000027e746a8000)

Polling page: 0x0000027e589f0000

Metaspace:

Usage:
  Non-class:      8.29 MB used.
      Class:      1.27 MB used.
       Both:      9.56 MB used.

Virtual space:
  Non-class space:       64.00 MB reserved,       8.44 MB ( 13%) committed,  1 nodes.
      Class space:        1.00 GB reserved,       1.38 MB ( <1%) committed,  1 nodes.
             Both:        1.06 GB reserved,       9.81 MB ( <1%) committed. 

Chunk freelists:
   Non-Class:  7.20 MB
       Class:  14.51 MB
        Both:  21.72 MB

MaxMetaspaceSize: unlimited
CompressedClassSpaceSize: 1.00 GB
Initial GC threshold: 21.00 MB
Current GC threshold: 21.00 MB
CDS: on
 - commit_granule_bytes: 65536.
 - commit_granule_words: 8192.
 - virtual_space_node_default_size: 8388608.
 - enlarge_chunks_in_place: 1.
 - use_allocation_guard: 0.


Internal statistics:

num_allocs_failed_limit: 0.
num_arena_births: 248.
num_arena_deaths: 0.
num_vsnodes_births: 2.
num_vsnodes_deaths: 0.
num_space_committed: 157.
num_space_uncommitted: 0.
num_chunks_returned_to_freelist: 0.
num_chunks_taken_from_freelist: 512.
num_chunk_merges: 0.
num_chunk_splits: 346.
num_chunks_enlarged: 250.
num_inconsistent_stats: 0.

CodeHeap 'non-profiled nmethods': size=120000Kb used=541Kb max_used=541Kb free=119458Kb
 bounds [0x0000027e6a9f0000, 0x0000027e6ac60000, 0x0000027e71f20000]
CodeHeap 'profiled nmethods': size=120000Kb used=2484Kb max_used=2484Kb free=117515Kb
 bounds [0x0000027e62f20000, 0x0000027e63190000, 0x0000027e6a450000]
CodeHeap 'non-nmethods': size=5760Kb used=1538Kb max_used=1538Kb free=4221Kb
 bounds [0x0000027e6a450000, 0x0000027e6a6c0000, 0x0000027e6a9f0000]
 total_blobs=2036 nmethods=1428 adapters=512
 compilation: enabled
              stopped_count=0, restarted_count=0
 full_count=0

Compilation events (20 events):
Event: 4.338 Thread 0x0000027e76b81740 nmethod 1397 0x0000027e6317e190 code [0x0000027e6317e320, 0x0000027e6317e430]
Event: 4.338 Thread 0x0000027e76b81740 1398       3       java.nio.HeapByteBuffer::get (14 bytes)
Event: 4.339 Thread 0x0000027e76b81740 nmethod 1398 0x0000027e6317e490 code [0x0000027e6317e660, 0x0000027e6317e940]
Event: 4.341 Thread 0x0000027e76b81740 1399   !   3       java.lang.invoke.MethodHandle::setVarargs (25 bytes)
Event: 4.342 Thread 0x0000027e76b81740 nmethod 1399 0x0000027e6317eb10 code [0x0000027e6317ed00, 0x0000027e6317f2a8]
Event: 4.342 Thread 0x0000027e76b81740 1400       3       java.lang.invoke.MemberName::isVarargs (23 bytes)
Event: 4.343 Thread 0x0000027e76b81740 nmethod 1400 0x0000027e6317f490 code [0x0000027e6317f660, 0x0000027e6317f9e8]
Event: 4.344 Thread 0x0000027e76b81740 1402       3       java.lang.invoke.BoundMethodHandle::editor (8 bytes)
Event: 4.345 Thread 0x0000027e76b81740 nmethod 1402 0x0000027e6317fb10 code [0x0000027e6317fce0, 0x0000027e63180080]
Event: 4.351 Thread 0x0000027e76b81740 1403       3       java.lang.StringConcatHelper::prepend (22 bytes)
Event: 4.351 Thread 0x0000027e76b81740 nmethod 1403 0x0000027e63180210 code [0x0000027e631803c0, 0x0000027e63180558]
Event: 4.355 Thread 0x0000027e76b81740 1407       3       sun.invoke.util.Wrapper::isDoubleWord (15 bytes)
Event: 4.355 Thread 0x0000027e76b81740 nmethod 1407 0x0000027e63180610 code [0x0000027e631807a0, 0x0000027e63180910]
Event: 4.358 Thread 0x0000027e76b81740 1409       3       java.lang.invoke.MethodType::methodType (21 bytes)
Event: 4.358 Thread 0x0000027e76b81740 nmethod 1409 0x0000027e63180990 code [0x0000027e63180b60, 0x0000027e63180d38]
Event: 4.360 Thread 0x0000027e76b81740 1411       3       jdk.internal.org.objectweb.asm.MethodWriter::putMethodInfo (1274 bytes)
Event: 4.368 Thread 0x0000027e76b81740 nmethod 1411 0x0000027e63180e10 code [0x0000027e63181540, 0x0000027e63183e60]
Event: 4.368 Thread 0x0000027e76b81740 1412       3       jdk.internal.org.objectweb.asm.Handler::putExceptionTable (63 bytes)
Event: 4.369 Thread 0x0000027e76b81740 nmethod 1412 0x0000027e63185190 code [0x0000027e631853c0, 0x0000027e63185860]
Event: 4.369 Thread 0x0000027e76b81740 1417       3       java.lang.invoke.InvokerBytecodeGenerator::isStaticallyNameable (148 bytes)

GC Heap History (4 events):
Event: 1.762 GC heap before
{Heap before GC invocations=0 (full 0):
 garbage-first heap   total 131072K, used 12288K [0x0000000081e00000, 0x0000000100000000)
  region size 1024K, 13 young (13312K), 0 survivors (0K)
 Metaspace       used 2737K, committed 2880K, reserved 1114112K
  class space    used 278K, committed 320K, reserved 1048576K
}
Event: 1.773 GC heap after
{Heap after GC invocations=1 (full 0):
 garbage-first heap   total 131072K, used 2691K [0x0000000081e00000, 0x0000000100000000)
  region size 1024K, 2 young (2048K), 2 survivors (2048K)
 Metaspace       used 2737K, committed 2880K, reserved 1114112K
  class space    used 278K, committed 320K, reserved 1048576K
}
Event: 3.495 GC heap before
{Heap before GC invocations=1 (full 0):
 garbage-first heap   total 131072K, used 20099K [0x0000000081e00000, 0x0000000100000000)
  region size 1024K, 20 young (20480K), 2 survivors (2048K)
 Metaspace       used 7845K, committed 8128K, reserved 1114112K
  class space    used 1019K, committed 1152K, reserved 1048576K
}
Event: 3.502 GC heap after
{Heap after GC invocations=2 (full 0):
 garbage-first heap   total 131072K, used 3742K [0x0000000081e00000, 0x0000000100000000)
  region size 1024K, 1 young (1024K), 1 survivors (1024K)
 Metaspace       used 7845K, committed 8128K, reserved 1114112K
  class space    used 1019K, committed 1152K, reserved 1048576K
}

Dll operation events (20 events):
Event: 1.751 Loaded shared library C:\Users\ADMIN\.openjfx\cache\21+31\amd64\api-ms-win-crt-heap-l1-1-0.dll
Event: 1.758 Loaded shared library C:\Users\ADMIN\.openjfx\cache\21+31\amd64\api-ms-win-crt-locale-l1-1-0.dll
Event: 1.785 Loaded shared library C:\Users\ADMIN\.openjfx\cache\21+31\amd64\api-ms-win-crt-math-l1-1-0.dll
Event: 1.792 Loaded shared library C:\Users\ADMIN\.openjfx\cache\21+31\amd64\api-ms-win-crt-multibyte-l1-1-0.dll
Event: 1.805 Loaded shared library C:\Users\ADMIN\.openjfx\cache\21+31\amd64\api-ms-win-crt-private-l1-1-0.dll
Event: 1.816 Loaded shared library C:\Users\ADMIN\.openjfx\cache\21+31\amd64\api-ms-win-crt-process-l1-1-0.dll
Event: 1.839 Loaded shared library C:\Users\ADMIN\.openjfx\cache\21+31\amd64\api-ms-win-crt-runtime-l1-1-0.dll
Event: 1.851 Loaded shared library C:\Users\ADMIN\.openjfx\cache\21+31\amd64\api-ms-win-crt-stdio-l1-1-0.dll
Event: 1.858 Loaded shared library C:\Users\ADMIN\.openjfx\cache\21+31\amd64\api-ms-win-crt-string-l1-1-0.dll
Event: 1.869 Loaded shared library C:\Users\ADMIN\.openjfx\cache\21+31\amd64\api-ms-win-crt-time-l1-1-0.dll
Event: 1.878 Loaded shared library C:\Users\ADMIN\.openjfx\cache\21+31\amd64\api-ms-win-crt-utility-l1-1-0.dll
Event: 1.953 Loaded shared library C:\Users\ADMIN\.openjfx\cache\21+31\amd64\ucrtbase.dll
Event: 1.971 Loaded shared library C:\Users\ADMIN\.openjfx\cache\21+31\amd64\vcruntime140.dll
Event: 1.985 Loaded shared library C:\Users\ADMIN\.openjfx\cache\21+31\amd64\vcruntime140_1.dll
Event: 2.017 Loaded shared library C:\Users\ADMIN\.openjfx\cache\21+31\amd64\msvcp140.dll
Event: 2.026 Loaded shared library C:\Users\ADMIN\.openjfx\cache\21+31\amd64\msvcp140_1.dll
Event: 2.047 Loaded shared library C:\Users\ADMIN\.openjfx\cache\21+31\amd64\msvcp140_2.dll
Event: 2.201 Loaded shared library C:\Users\ADMIN\.openjfx\cache\21+31\amd64\prism_d3d.dll
Event: 2.375 Loaded shared library C:\Users\ADMIN\.openjfx\cache\21+31\amd64\glass.dll
Event: 3.737 Loaded shared library C:\Users\ADMIN\.openjfx\cache\21+31\amd64\javafx_font.dll

Deoptimization events (20 events):
Event: 3.965 Thread 0x0000027e7c9b13d0 Uncommon trap: trap_request=0xffffffde fr.pc=0x0000027e6aa69318 relative=0x00000000000002b8
Event: 3.965 Thread 0x0000027e7c9b13d0 Uncommon trap: reason=class_check action=maybe_recompile pc=0x0000027e6aa69318 method=java.util.HashMap.getNode(Ljava/lang/Object;)Ljava/util/HashMap$Node; @ 128 c2
Event: 3.965 Thread 0x0000027e7c9b13d0 DEOPT PACKING pc=0x0000027e6aa69318 sp=0x00000090f13fca30
Event: 3.965 Thread 0x0000027e7c9b13d0 DEOPT UNPACKING pc=0x0000027e6a4a46a2 sp=0x00000090f13fc938 mode 2
Event: 3.966 Thread 0x0000027e7c9b13d0 Uncommon trap: trap_request=0xffffffde fr.pc=0x0000027e6aa69318 relative=0x00000000000002b8
Event: 3.967 Thread 0x0000027e7c9b13d0 Uncommon trap: reason=class_check action=maybe_recompile pc=0x0000027e6aa69318 method=java.util.HashMap.getNode(Ljava/lang/Object;)Ljava/util/HashMap$Node; @ 128 c2
Event: 3.967 Thread 0x0000027e7c9b13d0 DEOPT PACKING pc=0x0000027e6aa69318 sp=0x00000090f13fca30
Event: 3.967 Thread 0x0000027e7c9b13d0 DEOPT UNPACKING pc=0x0000027e6a4a46a2 sp=0x00000090f13fc938 mode 2
Event: 3.967 Thread 0x0000027e7c9b13d0 Uncommon trap: trap_request=0xffffffde fr.pc=0x0000027e6aa69318 relative=0x00000000000002b8
Event: 3.967 Thread 0x0000027e7c9b13d0 Uncommon trap: reason=class_check action=maybe_recompile pc=0x0000027e6aa69318 method=java.util.HashMap.getNode(Ljava/lang/Object;)Ljava/util/HashMap$Node; @ 128 c2
Event: 3.967 Thread 0x0000027e7c9b13d0 DEOPT PACKING pc=0x0000027e6aa69318 sp=0x00000090f13fca30
Event: 3.967 Thread 0x0000027e7c9b13d0 DEOPT UNPACKING pc=0x0000027e6a4a46a2 sp=0x00000090f13fc938 mode 2
Event: 3.967 Thread 0x0000027e7c9b13d0 Uncommon trap: trap_request=0xffffffde fr.pc=0x0000027e6aa69318 relative=0x00000000000002b8
Event: 3.967 Thread 0x0000027e7c9b13d0 Uncommon trap: reason=class_check action=maybe_recompile pc=0x0000027e6aa69318 method=java.util.HashMap.getNode(Ljava/lang/Object;)Ljava/util/HashMap$Node; @ 128 c2
Event: 3.968 Thread 0x0000027e7c9b13d0 DEOPT PACKING pc=0x0000027e6aa69318 sp=0x00000090f13fca30
Event: 3.968 Thread 0x0000027e7c9b13d0 DEOPT UNPACKING pc=0x0000027e6a4a46a2 sp=0x00000090f13fc938 mode 2
Event: 4.330 Thread 0x0000027e7c9b13d0 Uncommon trap: trap_request=0xffffff45 fr.pc=0x0000027e6aa736c8 relative=0x00000000000003e8
Event: 4.330 Thread 0x0000027e7c9b13d0 Uncommon trap: reason=unstable_if action=reinterpret pc=0x0000027e6aa736c8 method=java.lang.StringLatin1.toLowerCase(Ljava/lang/String;[BLjava/util/Locale;)Ljava/lang/String; @ 43 c2
Event: 4.330 Thread 0x0000027e7c9b13d0 DEOPT PACKING pc=0x0000027e6aa736c8 sp=0x00000090f13fdbe0
Event: 4.331 Thread 0x0000027e7c9b13d0 DEOPT UNPACKING pc=0x0000027e6a4a46a2 sp=0x00000090f13fdb50 mode 2

Classes loaded (20 events):
Event: 3.868 Loading class java/util/AbstractList$ListItr
Event: 3.868 Loading class java/util/AbstractList$ListItr done
Event: 4.109 Loading class java/util/WeakHashMap$Values
Event: 4.110 Loading class java/util/WeakHashMap$Values done
Event: 4.110 Loading class java/util/WeakHashMap$ValueIterator
Event: 4.111 Loading class java/util/WeakHashMap$ValueIterator done
Event: 4.114 Loading class java/lang/CloneNotSupportedException
Event: 4.115 Loading class java/lang/CloneNotSupportedException done
Event: 4.130 Loading class java/util/LinkedList$ListItr
Event: 4.130 Loading class java/util/LinkedList$ListItr done
Event: 4.313 Loading class sun/nio/cs/UTF_16BE$Decoder
Event: 4.313 Loading class sun/nio/cs/UnicodeDecoder
Event: 4.313 Loading class sun/nio/cs/UnicodeDecoder done
Event: 4.314 Loading class sun/nio/cs/UTF_16BE$Decoder done
Event: 4.346 Loading class java/math/BigDecimal
Event: 4.348 Loading class java/math/BigDecimal done
Event: 4.354 Loading class sun/invoke/util/ValueConversions$1
Event: 4.354 Loading class sun/invoke/util/ValueConversions$1 done
Event: 4.357 Loading class java/lang/invoke/BoundMethodHandle$Species_LI
Event: 4.357 Loading class java/lang/invoke/BoundMethodHandle$Species_LI done

Classes unloaded (0 events):
No events

Classes redefined (0 events):
No events

Internal exceptions (20 events):
Event: 2.137 Thread 0x0000027e588ff040 Exception <a 'java/lang/NoSuchMethodError'{0x0000000089ba7e00}: 'void java.lang.invoke.DirectMethodHandle$Holder.invokeSpecial(java.lang.Object, java.lang.Object, java.lang.Object)'> (0x0000000089ba7e00) 
thrown [s\open\src\hotspot\share\interpreter\linkResolver.cpp, line 773]
Event: 2.317 Thread 0x0000027e588ff040 Exception <a 'java/lang/NoSuchMethodError'{0x0000000089a89c98}: 'int java.lang.invoke.DirectMethodHandle$Holder.invokeStaticInit(java.lang.Object, java.lang.Object, java.lang.Object)'> (0x0000000089a89c98) 
thrown [s\open\src\hotspot\share\interpreter\linkResolver.cpp, line 773]
Event: 2.396 Thread 0x0000027e588ff040 Exception <a 'java/lang/NoSuchMethodError'{0x000000008996b860}: 'java.lang.Object java.lang.invoke.DirectMethodHandle$Holder.newInvokeSpecial(java.lang.Object, java.lang.Object, int, java.lang.Object)'> (0x000000008996b860) 
thrown [s\open\src\hotspot\share\interpreter\linkResolver.cpp, line 773]
Event: 2.397 Thread 0x0000027e588ff040 Exception <a 'java/lang/NoSuchMethodError'{0x000000008996f9b8}: 'java.lang.Object java.lang.invoke.DirectMethodHandle$Holder.invokeSpecial(java.lang.Object, java.lang.Object, java.lang.Object, int, java.lang.Object)'> (0x000000008996f9b8) 
thrown [s\open\src\hotspot\share\interpreter\linkResolver.cpp, line 773]
Event: 2.534 Thread 0x0000027e7c9b13d0 Exception <a 'java/lang/NoSuchMethodError'{0x00000000898b2910}: 'void java.lang.invoke.DirectMethodHandle$Holder.invokeStaticInit(java.lang.Object)'> (0x00000000898b2910) 
thrown [s\open\src\hotspot\share\interpreter\linkResolver.cpp, line 773]
Event: 2.550 Thread 0x0000027e588ff040 Exception <a 'java/lang/NoSuchMethodError'{0x0000000089982c38}: 'java.lang.Object java.lang.invoke.DirectMethodHandle$Holder.newInvokeSpecial(java.lang.Object, java.lang.Object, java.lang.Object, java.lang.Object, java.lang.Object, java.lang.Object)'> (0x0000000089982c38) 
thrown [s\open\src\hotspot\share\interpreter\linkResolver.cpp, line 773]
Event: 2.621 Thread 0x0000027e588ff040 Exception <a 'java/lang/NoSuchMethodError'{0x000000008977d498}: 'java.lang.Object java.lang.invoke.DirectMethodHandle$Holder.newInvokeSpecial(java.lang.Object, java.lang.Object, java.lang.Object, java.lang.Object, java.lang.Object)'> (0x000000008977d498) 
thrown [s\open\src\hotspot\share\interpreter\linkResolver.cpp, line 773]
Event: 2.923 Thread 0x0000027e7c9b13d0 Exception <a 'sun/nio/fs/WindowsException'{0x0000000089252728}> (0x0000000089252728) 
thrown [s\open\src\hotspot\share\prims\jni.cpp, line 520]
Event: 3.255 Thread 0x0000027e7c9b13d0 Exception <a 'java/lang/NoSuchMethodError'{0x0000000088de5b10}: 'java.lang.Object java.lang.invoke.DirectMethodHandle$Holder.invokeStaticInit(java.lang.Object, java.lang.Object, java.lang.Object, java.lang.Object)'> (0x0000000088de5b10) 
thrown [s\open\src\hotspot\share\interpreter\linkResolver.cpp, line 773]
Event: 3.258 Thread 0x0000027e7c9b13d0 Exception <a 'java/lang/NullPointerException'{0x0000000088df2760}> (0x0000000088df2760) 
thrown [s\open\src\hotspot\share\interpreter\linkResolver.cpp, line 1372]
Event: 3.469 Thread 0x0000027e7c9b13d0 Exception <a 'java/lang/NoSuchMethodError'{0x0000000088a8d760}: 'void java.lang.invoke.Invokers$Holder.invokeExact_MT(java.lang.Object, java.lang.Object, java.lang.Object, java.lang.Object)'> (0x0000000088a8d760) 
thrown [s\open\src\hotspot\share\interpreter\linkResolver.cpp, line 773]
Event: 3.618 Thread 0x0000027e7c9b13d0 Exception <a 'java/lang/ClassNotFoundException'{0x0000000089d6bb08}: com/sun/glass/ui/win/themes> (0x0000000089d6bb08) 
thrown [s\open\src\hotspot\share\prims\jni.cpp, line 539]
Event: 3.638 Thread 0x0000027e7c9b13d0 Exception <a 'java/lang/ClassNotFoundException'{0x0000000089d77168}: com/sun/glass/ui/win/themes_en> (0x0000000089d77168) 
thrown [s\open\src\hotspot\share\prims\jni.cpp, line 539]
Event: 3.639 Thread 0x0000027e7c9b13d0 Exception <a 'java/lang/ClassNotFoundException'{0x0000000089d7ef88}: com/sun/glass/ui/win/themes_en_US> (0x0000000089d7ef88) 
thrown [s\open\src\hotspot\share\prims\jni.cpp, line 539]
Event: 4.112 Thread 0x0000027e7c9b13d0 Exception <a 'java/lang/NoSuchMethodError'{0x00000000897c0780}: 'void java.lang.invoke.DirectMethodHandle$Holder.invokeStaticInit(java.lang.Object, java.lang.Object)'> (0x00000000897c0780) 
thrown [s\open\src\hotspot\share\interpreter\linkResolver.cpp, line 773]
Event: 4.198 Thread 0x0000027e7c9b13d0 Exception <a 'sun/nio/fs/WindowsException'{0x00000000896b5780}> (0x00000000896b5780) 
thrown [s\open\src\hotspot\share\prims\jni.cpp, line 520]
Event: 4.353 Thread 0x0000027e7c9b13d0 Exception <a 'java/lang/NoSuchMethodError'{0x0000000089599ab0}: 'void java.lang.invoke.DirectMethodHandle$Holder.invokeSpecial(java.lang.Object, java.lang.Object, double)'> (0x0000000089599ab0) 
thrown [s\open\src\hotspot\share\interpreter\linkResolver.cpp, line 773]
Event: 4.356 Thread 0x0000027e7c9b13d0 Exception <a 'java/lang/NoSuchMethodError'{0x00000000895a4698}: 'double java.lang.invoke.DelegatingMethodHandle$Holder.reinvoke_L(java.lang.Object, java.lang.Object, int)'> (0x00000000895a4698) 
thrown [s\open\src\hotspot\share\interpreter\linkResolver.cpp, line 773]
Event: 4.359 Thread 0x0000027e7c9b13d0 Exception <a 'java/lang/NoSuchMethodError'{0x00000000895b5fe0}: 'java.lang.Object java.lang.invoke.DirectMethodHandle$Holder.invokeStatic(java.lang.Object, java.lang.Object, java.lang.Object, java.lang.Object, int)'> (0x00000000895b5fe0) 
thrown [s\open\src\hotspot\share\interpreter\linkResolver.cpp, line 773]
Event: 4.363 Thread 0x0000027e7c9b13d0 Exception <a 'java/lang/NoSuchMethodError'{0x00000000895c1110}: 'void java.lang.invoke.DelegatingMethodHandle$Holder.reinvoke_L(java.lang.Object, java.lang.Object, double)'> (0x00000000895c1110) 
thrown [s\open\src\hotspot\share\interpreter\linkResolver.cpp, line 773]

ZGC Phase Switch (0 events):
No events

VM Operations (18 events):
Event: 0.686 Executing VM operation: HandshakeAllThreads (Deoptimize)
Event: 0.686 Executing VM operation: HandshakeAllThreads (Deoptimize) done
Event: 0.686 Executing VM operation: HandshakeAllThreads (Deoptimize)
Event: 0.686 Executing VM operation: HandshakeAllThreads (Deoptimize) done
Event: 0.686 Executing VM operation: HandshakeAllThreads (Deoptimize)
Event: 0.686 Executing VM operation: HandshakeAllThreads (Deoptimize) done
Event: 1.051 Executing VM operation: HandshakeAllThreads (Deoptimize)
Event: 1.052 Executing VM operation: HandshakeAllThreads (Deoptimize) done
Event: 1.762 Executing VM operation: G1CollectForAllocation (G1 Evacuation Pause)
Event: 1.773 Executing VM operation: G1CollectForAllocation (G1 Evacuation Pause) done
Event: 2.350 Executing VM operation: HandshakeAllThreads (Deoptimize)
Event: 2.350 Executing VM operation: HandshakeAllThreads (Deoptimize) done
Event: 3.363 Executing VM operation: Cleanup
Event: 3.372 Executing VM operation: Cleanup done
Event: 3.495 Executing VM operation: G1CollectForAllocation (G1 Evacuation Pause)
Event: 3.502 Executing VM operation: G1CollectForAllocation (G1 Evacuation Pause) done
Event: 3.755 Executing VM operation: HandshakeAllThreads (Deoptimize)
Event: 3.755 Executing VM operation: HandshakeAllThreads (Deoptimize) done

Events (20 events):
Event: 0.151 Thread 0x0000027e588ff040 Thread added: 0x0000027e588ff040
Event: 0.200 Thread 0x0000027e76b6c8b0 Thread added: 0x0000027e76b6c8b0
Event: 0.200 Thread 0x0000027e76b6d7d0 Thread added: 0x0000027e76b6d7d0
Event: 0.201 Thread 0x0000027e76b6f440 Thread added: 0x0000027e76b6f440
Event: 0.201 Thread 0x0000027e76b700a0 Thread added: 0x0000027e76b700a0
Event: 0.201 Thread 0x0000027e76b72b10 Thread added: 0x0000027e76b72b10
Event: 0.201 Thread 0x0000027e76b73570 Thread added: 0x0000027e76b73570
Event: 0.202 Thread 0x0000027e76b74300 Thread added: 0x0000027e76b74300
Event: 0.202 Thread 0x0000027e76b81740 Thread added: 0x0000027e76b81740
Event: 0.288 Thread 0x0000027e7b09ecf0 Thread added: 0x0000027e7b09ecf0
Event: 0.445 Thread 0x0000027e7b16bf10 Thread added: 0x0000027e7b16bf10
Event: 0.795 Thread 0x0000027e7bbfe4e0 Thread added: 0x0000027e7bbfe4e0
Event: 0.795 Thread 0x0000027e7b9d47e0 Thread added: 0x0000027e7b9d47e0
Event: 1.737 Thread 0x0000027e7b16bf10 Thread exited: 0x0000027e7b16bf10
Event: 2.168 Thread 0x0000027e7c15c350 Thread added: 0x0000027e7c15c350
Event: 2.386 Thread 0x0000027e7bcf61c0 Thread added: 0x0000027e7bcf61c0
Event: 2.404 Thread 0x0000027e7c9b13d0 Thread added: 0x0000027e7c9b13d0
Event: 2.572 Thread 0x0000027e7c7f2d60 Thread added: 0x0000027e7c7f2d60
Event: 2.623 Thread 0x0000027e7bcce3b0 Thread added: 0x0000027e7bcce3b0
Event: 3.793 Thread 0x0000027e7b686bb0 Thread added: 0x0000027e7b686bb0


Dynamic libraries:
0x00007ff6f8a20000 - 0x00007ff6f8a30000 	C:\Program Files\Java\jdk-21\bin\java.exe
0x00007ffce8ef0000 - 0x00007ffce90e8000 	C:\Windows\SYSTEM32\ntdll.dll
0x00007ffce7340000 - 0x00007ffce73fd000 	C:\Windows\System32\KERNEL32.DLL
0x00007ffce6710000 - 0x00007ffce6a06000 	C:\Windows\System32\KERNELBASE.dll
0x00007ffce6c40000 - 0x00007ffce6d40000 	C:\Windows\System32\ucrtbase.dll
0x00007ffcd3650000 - 0x00007ffcd3669000 	C:\Program Files\Java\jdk-21\bin\jli.dll
0x00007ffce8d20000 - 0x00007ffce8dd0000 	C:\Windows\System32\ADVAPI32.dll
0x00007ffce71b0000 - 0x00007ffce724e000 	C:\Windows\System32\msvcrt.dll
0x00007ffce7110000 - 0x00007ffce71b0000 	C:\Windows\System32\sechost.dll
0x00007ffce82c0000 - 0x00007ffce83e3000 	C:\Windows\System32\RPCRT4.dll
0x00007ffce6b70000 - 0x00007ffce6b97000 	C:\Windows\System32\bcrypt.dll
0x00007ffcd31c0000 - 0x00007ffcd31db000 	C:\Program Files\Java\jdk-21\bin\VCRUNTIME140.dll
0x00007ffce8120000 - 0x00007ffce82bf000 	C:\Windows\System32\USER32.dll
0x00007ffce66e0000 - 0x00007ffce6702000 	C:\Windows\System32\win32u.dll
0x00007ffce7d90000 - 0x00007ffce7dbb000 	C:\Windows\System32\GDI32.dll
0x00007ffce6db0000 - 0x00007ffce6ec7000 	C:\Windows\System32\gdi32full.dll
0x00007ffce6ba0000 - 0x00007ffce6c3d000 	C:\Windows\System32\msvcp_win.dll
0x00007ffcc9d80000 - 0x00007ffcca01a000 	C:\Windows\WinSxS\amd64_microsoft.windows.common-controls_6595b64144ccf1df_6.0.19041.4355_none_60b8b9eb71f62e16\COMCTL32.dll
0x00007ffcdaab0000 - 0x00007ffcdaaba000 	C:\Windows\SYSTEM32\VERSION.dll
0x00007ffce70d0000 - 0x00007ffce7102000 	C:\Windows\System32\IMM32.DLL
0x00007ffcd4060000 - 0x00007ffcd406c000 	C:\Program Files\Java\jdk-21\bin\vcruntime140_1.dll
0x00007ffcaab50000 - 0x00007ffcaabde000 	C:\Program Files\Java\jdk-21\bin\msvcp140.dll
0x00007ffc9a860000 - 0x00007ffc9b575000 	C:\Program Files\Java\jdk-21\bin\server\jvm.dll
0x00007ffce7c70000 - 0x00007ffce7cdb000 	C:\Windows\System32\WS2_32.dll
0x00007ffce63f0000 - 0x00007ffce643b000 	C:\Windows\SYSTEM32\POWRPROF.dll
0x00007ffccc390000 - 0x00007ffccc3b7000 	C:\Windows\SYSTEM32\WINMM.dll
0x00007ffce63d0000 - 0x00007ffce63e2000 	C:\Windows\SYSTEM32\UMPDC.dll
0x00007ffce4d60000 - 0x00007ffce4d72000 	C:\Windows\SYSTEM32\kernel.appcore.dll
0x00007ffcd3720000 - 0x00007ffcd372a000 	C:\Program Files\Java\jdk-21\bin\jimage.dll
0x00007ffce0ca0000 - 0x00007ffce0e84000 	C:\Windows\SYSTEM32\DBGHELP.DLL
0x00007ffcd0a40000 - 0x00007ffcd0a74000 	C:\Windows\SYSTEM32\dbgcore.DLL
0x00007ffce6650000 - 0x00007ffce66d2000 	C:\Windows\System32\bcryptPrimitives.dll
0x00007ffcdb210000 - 0x00007ffcdb21f000 	C:\Program Files\Java\jdk-21\bin\instrument.dll
0x00007ffcd20a0000 - 0x00007ffcd20bf000 	C:\Program Files\Java\jdk-21\bin\java.dll
0x00007ffce8450000 - 0x00007ffce8bbb000 	C:\Windows\System32\SHELL32.dll
0x00007ffce45c0000 - 0x00007ffce4d5d000 	C:\Windows\SYSTEM32\windows.storage.dll
0x00007ffce7dc0000 - 0x00007ffce8113000 	C:\Windows\System32\combase.dll
0x00007ffce5e10000 - 0x00007ffce5e3e000 	C:\Windows\SYSTEM32\Wldp.dll
0x00007ffce8c50000 - 0x00007ffce8d1d000 	C:\Windows\System32\OLEAUT32.dll
0x00007ffce7960000 - 0x00007ffce7a0d000 	C:\Windows\System32\SHCORE.dll
0x00007ffce83f0000 - 0x00007ffce8445000 	C:\Windows\System32\shlwapi.dll
0x00007ffce64d0000 - 0x00007ffce64f4000 	C:\Windows\SYSTEM32\profapi.dll
0x00007ffca5f00000 - 0x00007ffca5fd7000 	C:\Program Files\Java\jdk-21\bin\jsvml.dll
0x00007ffcd3200000 - 0x00007ffcd3210000 	C:\Program Files\Java\jdk-21\bin\net.dll
0x00007ffcd7fc0000 - 0x00007ffcd80ca000 	C:\Windows\SYSTEM32\WINHTTP.dll
0x00007ffce5bf0000 - 0x00007ffce5c5a000 	C:\Windows\system32\mswsock.dll
0x00007ffccbac0000 - 0x00007ffccbad6000 	C:\Program Files\Java\jdk-21\bin\nio.dll
0x00007ffccbaa0000 - 0x00007ffccbab8000 	C:\Program Files\Java\jdk-21\bin\zip.dll
0x00007ffcdb1f0000 - 0x00007ffcdb20a000 	C:\Program Files\JetBrains\IntelliJ IDEA Community Edition 2023.3.2\bin\breakgen64.dll
0x0000027e58a90000 - 0x0000027e58a93000 	C:\Users\ADMIN\.openjfx\cache\21+31\amd64\api-ms-win-core-console-l1-1-0.dll
0x0000027e58aa0000 - 0x0000027e58aa3000 	C:\Users\ADMIN\.openjfx\cache\21+31\amd64\api-ms-win-core-console-l1-2-0.dll
0x0000027e58ab0000 - 0x0000027e58ab3000 	C:\Users\ADMIN\.openjfx\cache\21+31\amd64\api-ms-win-core-datetime-l1-1-0.dll
0x0000027e58ac0000 - 0x0000027e58ac3000 	C:\Users\ADMIN\.openjfx\cache\21+31\amd64\api-ms-win-core-debug-l1-1-0.dll
0x0000027e58ad0000 - 0x0000027e58ad3000 	C:\Users\ADMIN\.openjfx\cache\21+31\amd64\api-ms-win-core-errorhandling-l1-1-0.dll
0x0000027e5a9d0000 - 0x0000027e5a9d4000 	C:\Users\ADMIN\.openjfx\cache\21+31\amd64\api-ms-win-core-file-l1-1-0.dll
0x0000027e5a9e0000 - 0x0000027e5a9e3000 	C:\Users\ADMIN\.openjfx\cache\21+31\amd64\api-ms-win-core-file-l1-2-0.dll
0x0000027e5a9f0000 - 0x0000027e5a9f3000 	C:\Users\ADMIN\.openjfx\cache\21+31\amd64\api-ms-win-core-file-l2-1-0.dll
0x0000027e5aa00000 - 0x0000027e5aa03000 	C:\Users\ADMIN\.openjfx\cache\21+31\amd64\api-ms-win-core-handle-l1-1-0.dll
0x0000027e5aa10000 - 0x0000027e5aa13000 	C:\Users\ADMIN\.openjfx\cache\21+31\amd64\api-ms-win-core-heap-l1-1-0.dll
0x0000027e5aa20000 - 0x0000027e5aa23000 	C:\Users\ADMIN\.openjfx\cache\21+31\amd64\api-ms-win-core-interlocked-l1-1-0.dll
0x0000027e5aa30000 - 0x0000027e5aa33000 	C:\Users\ADMIN\.openjfx\cache\21+31\amd64\api-ms-win-core-libraryloader-l1-1-0.dll
0x0000027e5aa40000 - 0x0000027e5aa43000 	C:\Users\ADMIN\.openjfx\cache\21+31\amd64\api-ms-win-core-localization-l1-2-0.dll
0x0000027e5aa50000 - 0x0000027e5aa53000 	C:\Users\ADMIN\.openjfx\cache\21+31\amd64\api-ms-win-core-memory-l1-1-0.dll
0x0000027e5aa60000 - 0x0000027e5aa63000 	C:\Users\ADMIN\.openjfx\cache\21+31\amd64\api-ms-win-core-namedpipe-l1-1-0.dll
0x0000027e5aa70000 - 0x0000027e5aa73000 	C:\Users\ADMIN\.openjfx\cache\21+31\amd64\api-ms-win-core-processenvironment-l1-1-0.dll
0x0000027e5aa80000 - 0x0000027e5aa83000 	C:\Users\ADMIN\.openjfx\cache\21+31\amd64\api-ms-win-core-processthreads-l1-1-0.dll
0x0000027e76ce0000 - 0x0000027e76ce3000 	C:\Users\ADMIN\.openjfx\cache\21+31\amd64\api-ms-win-core-processthreads-l1-1-1.dll
0x0000027e76cf0000 - 0x0000027e76cf3000 	C:\Users\ADMIN\.openjfx\cache\21+31\amd64\api-ms-win-core-profile-l1-1-0.dll
0x0000027e76d00000 - 0x0000027e76d03000 	C:\Users\ADMIN\.openjfx\cache\21+31\amd64\api-ms-win-core-rtlsupport-l1-1-0.dll
0x0000027e76d10000 - 0x0000027e76d13000 	C:\Users\ADMIN\.openjfx\cache\21+31\amd64\api-ms-win-core-string-l1-1-0.dll
0x0000027e76d20000 - 0x0000027e76d23000 	C:\Users\ADMIN\.openjfx\cache\21+31\amd64\api-ms-win-core-synch-l1-1-0.dll
0x0000027e76d30000 - 0x0000027e76d33000 	C:\Users\ADMIN\.openjfx\cache\21+31\amd64\api-ms-win-core-synch-l1-2-0.dll
0x0000027e76d40000 - 0x0000027e76d43000 	C:\Users\ADMIN\.openjfx\cache\21+31\amd64\api-ms-win-core-sysinfo-l1-1-0.dll
0x0000027e76d50000 - 0x0000027e76d53000 	C:\Users\ADMIN\.openjfx\cache\21+31\amd64\api-ms-win-core-timezone-l1-1-0.dll
0x0000027e76d60000 - 0x0000027e76d63000 	C:\Users\ADMIN\.openjfx\cache\21+31\amd64\api-ms-win-core-util-l1-1-0.dll
0x0000027e76d70000 - 0x0000027e76d73000 	C:\Users\ADMIN\.openjfx\cache\21+31\amd64\api-ms-win-crt-conio-l1-1-0.dll
0x0000027e76d80000 - 0x0000027e76d84000 	C:\Users\ADMIN\.openjfx\cache\21+31\amd64\api-ms-win-crt-convert-l1-1-0.dll
0x0000027e76d90000 - 0x0000027e76d93000 	C:\Users\ADMIN\.openjfx\cache\21+31\amd64\api-ms-win-crt-environment-l1-1-0.dll
0x0000027e76da0000 - 0x0000027e76da3000 	C:\Users\ADMIN\.openjfx\cache\21+31\amd64\api-ms-win-crt-filesystem-l1-1-0.dll
0x0000027e76db0000 - 0x0000027e76db3000 	C:\Users\ADMIN\.openjfx\cache\21+31\amd64\api-ms-win-crt-heap-l1-1-0.dll
0x0000027e76dc0000 - 0x0000027e76dc3000 	C:\Users\ADMIN\.openjfx\cache\21+31\amd64\api-ms-win-crt-locale-l1-1-0.dll
0x0000027e76dd0000 - 0x0000027e76dd5000 	C:\Users\ADMIN\.openjfx\cache\21+31\amd64\api-ms-win-crt-math-l1-1-0.dll
0x0000027e76de0000 - 0x0000027e76de5000 	C:\Users\ADMIN\.openjfx\cache\21+31\amd64\api-ms-win-crt-multibyte-l1-1-0.dll
0x0000027e76df0000 - 0x0000027e76e00000 	C:\Users\ADMIN\.openjfx\cache\21+31\amd64\api-ms-win-crt-private-l1-1-0.dll
0x0000027e76e00000 - 0x0000027e76e03000 	C:\Users\ADMIN\.openjfx\cache\21+31\amd64\api-ms-win-crt-process-l1-1-0.dll
0x0000027e76e10000 - 0x0000027e76e14000 	C:\Users\ADMIN\.openjfx\cache\21+31\amd64\api-ms-win-crt-runtime-l1-1-0.dll
0x0000027e76e20000 - 0x0000027e76e24000 	C:\Users\ADMIN\.openjfx\cache\21+31\amd64\api-ms-win-crt-stdio-l1-1-0.dll
0x0000027e76e30000 - 0x0000027e76e34000 	C:\Users\ADMIN\.openjfx\cache\21+31\amd64\api-ms-win-crt-string-l1-1-0.dll
0x0000027e76e40000 - 0x0000027e76e43000 	C:\Users\ADMIN\.openjfx\cache\21+31\amd64\api-ms-win-crt-time-l1-1-0.dll
0x0000027e76e50000 - 0x0000027e76e53000 	C:\Users\ADMIN\.openjfx\cache\21+31\amd64\api-ms-win-crt-utility-l1-1-0.dll
0x00007ffca2000000 - 0x00007ffca20fc000 	C:\Users\ADMIN\.openjfx\cache\21+31\amd64\ucrtbase.dll
0x00007ffcc4d30000 - 0x00007ffcc4d4b000 	C:\Users\ADMIN\.openjfx\cache\21+31\amd64\vcruntime140.dll
0x00007ffcdb1e0000 - 0x00007ffcdb1ec000 	C:\Users\ADMIN\.openjfx\cache\21+31\amd64\vcruntime140_1.dll
0x00007ffca5d00000 - 0x00007ffca5d8e000 	C:\Users\ADMIN\.openjfx\cache\21+31\amd64\msvcp140.dll
0x00007ffce7b40000 - 0x00007ffce7c6b000 	C:\Windows\System32\ole32.dll
0x00007ffcc98d0000 - 0x00007ffcc98d9000 	C:\Users\ADMIN\.openjfx\cache\21+31\amd64\msvcp140_1.dll
0x00007ffcc4c10000 - 0x00007ffcc4c3f000 	C:\Users\ADMIN\.openjfx\cache\21+31\amd64\msvcp140_2.dll
0x00007ffcc4be0000 - 0x00007ffcc4c0f000 	C:\Users\ADMIN\.openjfx\cache\21+31\amd64\prism_d3d.dll
0x00007ffcb1a40000 - 0x00007ffcb1c0e000 	C:\Windows\system32\d3d9.dll
0x00007ffce0fb0000 - 0x00007ffce0fdf000 	C:\Windows\SYSTEM32\dwmapi.dll
0x00007ffce0be0000 - 0x00007ffce0c7e000 	C:\Windows\system32\uxtheme.dll
0x00007ffcb18d0000 - 0x00007ffcb1a35000 	C:\Windows\System32\DriverStore\FileRepository\igdlh64.inf_amd64_e6daaea9afe1e6f6\igdumdim64.dll
0x00007ffcad0d0000 - 0x00007ffcb18cd000 	C:\Windows\System32\DriverStore\FileRepository\igdlh64.inf_amd64_e6daaea9afe1e6f6\igd9dxva64.dll
0x00007ffce7420000 - 0x00007ffce788e000 	C:\Windows\System32\SETUPAPI.dll
0x00007ffce6ed0000 - 0x00007ffce6f1e000 	C:\Windows\System32\cfgmgr32.dll
0x00007ffcd7480000 - 0x00007ffcd76d7000 	C:\Windows\System32\DriverStore\FileRepository\igdlh64.inf_amd64_e6daaea9afe1e6f6\igdgmm64.dll
0x00007ffcbf700000 - 0x00007ffcbf742000 	C:\Users\ADMIN\.openjfx\cache\21+31\amd64\glass.dll
0x00007ffce8dd0000 - 0x00007ffce8eaa000 	C:\Windows\System32\COMDLG32.dll
0x00007ffce7a20000 - 0x00007ffce7b34000 	C:\Windows\System32\MSCTF.dll
0x00007ffcdabc0000 - 0x00007ffcdabe7000 	C:\Windows\System32\DriverStore\FileRepository\igdlh64.inf_amd64_e6daaea9afe1e6f6\igdinfo64.dll
0x00007ffcc4b20000 - 0x00007ffcc4b34000 	C:\Users\ADMIN\.openjfx\cache\21+31\amd64\javafx_font.dll
0x00007ffcbd720000 - 0x00007ffcbd99f000 	C:\Windows\SYSTEM32\dwrite.dll
0x00007ffcbf6d0000 - 0x00007ffcbf6fd000 	C:\Users\ADMIN\.openjfx\cache\21+31\amd64\javafx_iio.dll

dbghelp: loaded successfully - version: 4.0.5 - missing functions: none
symbol engine: initialized successfully - sym options: 0x614 - pdb path: .;C:\Program Files\Java\jdk-21\bin;C:\Windows\SYSTEM32;C:\Windows\WinSxS\amd64_microsoft.windows.common-controls_6595b64144ccf1df_6.0.19041.4355_none_60b8b9eb71f62e16;C:\Program Files\Java\jdk-21\bin\server;C:\Program Files\JetBrains\IntelliJ IDEA Community Edition 2023.3.2\bin;C:\Users\ADMIN\.openjfx\cache\21+31\amd64;C:\Windows\System32\DriverStore\FileRepository\igdlh64.inf_amd64_e6daaea9afe1e6f6

VM Arguments:
jvm_args: -javaagent:C:\Program Files\JetBrains\IntelliJ IDEA Community Edition 2023.3.2\lib\idea_rt.jar=51960:C:\Program Files\JetBrains\IntelliJ IDEA Community Edition 2023.3.2\bin -Dfile.encoding=UTF-8 -Dsun.stdout.encoding=UTF-8 -Dsun.stderr.encoding=UTF-8 --module-path=C:\Users\ADMIN\.m2\repository\org\openjfx\javafx-graphics\21\javafx-graphics-21-win.jar;C:\Users\ADMIN\.m2\repository\org\openjfx\javafx-base\21\javafx-base-21-win.jar;C:\Users\ADMIN\.m2\repository\org\openjfx\javafx-controls\21\javafx-controls-21-win.jar;C:\Users\ADMIN\.m2\repository\org\openjfx\javafx-fxml\21\javafx-fxml-21-win.jar;C:\Users\ADMIN\OneDrive\Desktop\IdeaProjects\JepsChemistPOS\target\classes -Djdk.module.main=com.dunwam.jepschemistpos 
java_command: com.dunwam.jepschemistpos/com.dunwam.jepschemistpos.Main
java_class_path (initial): C:\Users\ADMIN\.m2\repository\org\openjfx\javafx-controls\21\javafx-controls-21.jar;C:\Users\ADMIN\.m2\repository\org\openjfx\javafx-graphics\21\javafx-graphics-21.jar;C:\Users\ADMIN\.m2\repository\org\openjfx\javafx-base\21\javafx-base-21.jar;C:\Users\ADMIN\.m2\repository\org\openjfx\javafx-fxml\21\javafx-fxml-21.jar
Launcher Type: SUN_STANDARD

[Global flags]
     intx CICompilerCount                          = 3                                         {product} {ergonomic}
     uint ConcGCThreads                            = 1                                         {product} {ergonomic}
     uint G1ConcRefinementThreads                  = 4                                         {product} {ergonomic}
   size_t G1HeapRegionSize                         = 1048576                                   {product} {ergonomic}
    uintx GCDrainStackTargetSize                   = 64                                        {product} {ergonomic}
   size_t InitialHeapSize                          = 134217728                                 {product} {ergonomic}
   size_t MarkStackSize                            = 4194304                                   {product} {ergonomic}
   size_t MaxHeapSize                              = 2116026368                                {product} {ergonomic}
   size_t MaxNewSize                               = 1268776960                                {product} {ergonomic}
   size_t MinHeapDeltaBytes                        = 1048576                                   {product} {ergonomic}
   size_t MinHeapSize                              = 8388608                                   {product} {ergonomic}
    uintx NonNMethodCodeHeapSize                   = 5832780                                {pd product} {ergonomic}
    uintx NonProfiledCodeHeapSize                  = 122912730                              {pd product} {ergonomic}
    uintx ProfiledCodeHeapSize                     = 122912730                              {pd product} {ergonomic}
    uintx ReservedCodeCacheSize                    = 251658240                              {pd product} {ergonomic}
     bool SegmentedCodeCache                       = true                                      {product} {ergonomic}
   size_t SoftMaxHeapSize                          = 2116026368                             {manageable} {ergonomic}
     bool UseCompressedOops                        = true                           {product lp64_product} {ergonomic}
     bool UseG1GC                                  = true                                      {product} {ergonomic}
     bool UseLargePagesIndividualAllocation        = false                                  {pd product} {ergonomic}

Logging:
Log output configuration:
 #0: stdout all=warning uptime,level,tags foldmultilines=false
 #1: stderr all=off uptime,level,tags foldmultilines=false

Environment Variables:
PATH=C:\Program Files (x86)\Falcon\MinGW\bin;C:\Python312\Scripts\;C:\Python312\;C:\Program Files\Common Files\Oracle\Java\javapath;C:\Windows\system32;C:\Windows;C:\Windows\System32\Wbem;C:\Windows\System32\WindowsPowerShell\v1.0\;C:\Windows\System32\OpenSSH\;C:\Program Files\Git\cmd;C:\Program Files\nodejs\;C:\ProgramData\chocolatey\bin;C:\Users\ADMIN\Downloads\Compressed\apache-maven-3.9.6\bin;C:\Users\ADMIN\AppData\Local\Microsoft\WindowsApps;C:\Users\ADMIN\AppData\Local\Programs\Microsoft VS Code\bin;C:\ProgramData\ADMIN\GitHubDesktop\bin;C:\Users\ADMIN\AppData\Local\GitHubDesktop\bin;C:\ProgramData\DUNCAN'S COMPUTER\GitHubDesktop\bin;C:\Users\ADMIN\AppData\Roaming\npm;C:\xampp\php
USERNAME=DUNCAN'S COMPUTER
OS=Windows_NT
PROCESSOR_IDENTIFIER=Intel64 Family 6 Model 78 Stepping 3, GenuineIntel
TMP=C:\Users\ADMIN\AppData\Local\Temp
TEMP=C:\Users\ADMIN\AppData\Local\Temp




Periodic native trim disabled

---------------  S Y S T E M  ---------------

OS:
 Windows 10 , 64 bit Build 19041 (10.0.19041.3636)
OS uptime: 1 days 1:12 hours
Hyper-V role detected

CPU: total 4 (initial active 4) (2 cores per cpu, 2 threads per core) family 6 model 78 stepping 3 microcode 0xf0, cx8, cmov, fxsr, ht, mmx, 3dnowpref, sse, sse2, sse3, ssse3, sse4.1, sse4.2, popcnt, lzcnt, tsc, tscinvbit, avx, avx2, aes, erms, clmul, bmi1, bmi2, rtm, adx, fma, vzeroupper, clflush, clflushopt, hv, rdtscp, f16c
Processor Information for all 4 processors :
  Max Mhz: 2496, Current Mhz: 2396, Mhz Limit: 2396

Memory: 4k page, system-wide physical 8071M (488M free)
TotalPageFile size 32647M (AvailPageFile size 13M)
current process WorkingSet (physical memory assigned to process): 107M, peak: 107M
current process commit charge ("private bytes"): 247M, peak: 248M

vm_info: Java HotSpot(TM) 64-Bit Server VM (21.0.1+12-LTS-29) for windows-amd64 JRE (21.0.1+12-LTS-29), built on 2023-10-05T13:27:09Z by "mach5one" with MS VC++ 17.1 (VS2022)

END.
